<?xml version='1.0' encoding='UTF-8'?>
<testsuite hostname="Davids-MacBook-Air.local" name="database.UserRepositoryITSpec" tests="1" errors="0" failures="0" skipped="0" time="4.567" timestamp="2024-08-15T17:47:44">
          <properties>
[...]
</properties>
          <testcase classname="database.UserRepositoryITSpec" name="UserRepository - can successfully insert into a user" time="4.567">
                      
                    </testcase>
          <system-out><![CDATA[]]></system-out>
          <system-err><![CDATA[]]></system-err>
        </testsuite>